Loading db file '/nethome/elyons8/Desktop/MLH/FinalProject/files/synth/lib/NanGate_15nm_OCL.db'
Information: Propagating switching activity (low effort zero delay simulation). (PWR-6)
Warning: Design has unannotated primary inputs. (PWR-414)
Warning: Design has unannotated sequential cell outputs. (PWR-415)
 
****************************************
Report : power
        -hier
        -analysis_effort low
Design : EvE_PE
Version: J-2014.09
Date   : Tue Apr 30 17:35:04 2019
****************************************


Library(s) Used:

    NanGate_15nm_OCL (File: /nethome/elyons8/Desktop/MLH/FinalProject/files/synth/lib/NanGate_15nm_OCL.db)


Operating Conditions: typical   Library: NanGate_15nm_OCL
Wire Load Model Mode: top


Global Operating Voltage = 0.8  
Power-specific unit information :
    Voltage Units = 1V
    Capacitance Units = 1.000000ff
    Time Units = 1ps
    Dynamic Power Units = 1mW    (derived from V,C,T units)
    Leakage Power Units = 1pW


--------------------------------------------------------------------------------
                                       Switch   Int      Leak     Total
Hierarchy                              Power    Power    Power    Power    %
--------------------------------------------------------------------------------
EvE_PE                                    0.735   12.343 5.95e+08   13.673 100.0
  Add_Gene_Engine (EvE_Add_Gene_Engine)
                                          0.126    3.449 2.02e+08    3.777  27.6
    out_Fifo (tri_ported_fifo)         4.94e-02    3.045 1.86e+08    3.281  24.0
    add_comp (comparator_DATA_WIDTH32_0)
                                       1.33e-02 1.54e-02 1.34e+06 3.00e-02   0.2
      r56 (comparator_DATA_WIDTH32_0_DW01_cmp6_0)
                                       1.30e-02 1.52e-02 1.32e+06 2.96e-02   0.2
    maxNodeIDReg (counter_DATA_WIDTH8_COUNT_FROM0)
                                       2.70e-03 1.77e-02 6.81e+05 2.10e-02   0.2
      add_45 (counter_DATA_WIDTH8_COUNT_FROM0_DW01_inc_0)
                                       3.01e-04 4.58e-04 1.83e+05 9.42e-04   0.0
  Delete_Gene_Engine (EvE_Delete_Gene_Engine)
                                       4.25e-02    0.300 1.70e+07    0.360   2.6
    valid_comp (comparator_DATA_WIDTH8_16)
                                       1.20e-03 1.16e-03 4.36e+05 2.80e-03   0.0
    delete_file (Deleted_Nodes_max_deletions8_DATA_WIDTH8)
                                       1.39e-02    0.144 1.07e+07    0.169   1.2
      add_50 (Deleted_Nodes_max_deletions8_DATA_WIDTH8_DW01_inc_0)
                                       1.62e-05 2.94e-05 1.72e+05 2.18e-04   0.0
      gen1_7__add_comp2 (comparator_DATA_WIDTH8_0)
                                       1.77e-04 1.94e-04 3.52e+05 7.22e-04   0.0
      gen1_7__add_comp1 (comparator_DATA_WIDTH8_1)
                                       1.75e-04 1.97e-04 3.46e+05 7.17e-04   0.0
      gen1_6__add_comp2 (comparator_DATA_WIDTH8_2)
                                       1.80e-04 1.96e-04 3.52e+05 7.28e-04   0.0
      gen1_6__add_comp1 (comparator_DATA_WIDTH8_3)
                                       1.77e-04 2.00e-04 3.46e+05 7.23e-04   0.0
      gen1_5__add_comp2 (comparator_DATA_WIDTH8_4)
                                       1.86e-04 2.03e-04 3.52e+05 7.41e-04   0.0
      gen1_5__add_comp1 (comparator_DATA_WIDTH8_5)
                                       1.85e-04 2.08e-04 3.47e+05 7.39e-04   0.0
      gen1_4__add_comp2 (comparator_DATA_WIDTH8_6)
                                       1.94e-04 2.12e-04 3.52e+05 7.58e-04   0.0
      gen1_4__add_comp1 (comparator_DATA_WIDTH8_7)
                                       1.95e-04 2.18e-04 3.47e+05 7.60e-04   0.0
      gen1_3__add_comp2 (comparator_DATA_WIDTH8_8)
                                       2.10e-04 2.28e-04 3.53e+05 7.91e-04   0.0
      gen1_3__add_comp1 (comparator_DATA_WIDTH8_9)
                                       2.13e-04 2.35e-04 3.48e+05 7.96e-04   0.0
      gen1_2__add_comp2 (comparator_DATA_WIDTH8_10)
                                       2.31e-04 2.49e-04 3.54e+05 8.33e-04   0.0
      gen1_2__add_comp1 (comparator_DATA_WIDTH8_11)
                                       2.36e-04 2.59e-04 3.49e+05 8.44e-04   0.0
      gen1_1__add_comp2 (comparator_DATA_WIDTH8_12)
                                       2.82e-04 3.00e-04 3.56e+05 9.38e-04   0.0
      gen1_1__add_comp1 (comparator_DATA_WIDTH8_13)
                                       2.96e-04 3.19e-04 3.52e+05 9.67e-04   0.0
      gen1_0__add_comp2 (comparator_DATA_WIDTH8_14)
                                       3.67e-04 3.86e-04 3.58e+05 1.11e-03   0.0
      gen1_0__add_comp1 (comparator_DATA_WIDTH8_15)
                                       3.94e-04 4.19e-04 3.56e+05 1.17e-03   0.0
    delete_comp (comparator_DATA_WIDTH32_1)
                                       1.33e-02 1.53e-02 1.34e+06 2.99e-02   0.2
      r56 (comparator_DATA_WIDTH32_1_DW01_cmp6_0)
                                       1.31e-02 1.52e-02 1.32e+06 2.96e-02   0.2
  Perturbation_Engine (EvE_Perturbation_Engine)
                                       6.49e-02 7.11e-02 7.06e+06    0.143   1.0
    bits7to0 (mux_2to1_8bit_0)         1.58e-03 1.01e-03 1.65e+05 2.76e-03   0.0
    bits15to8 (mux_2to1_8bit_1)        1.55e-03 9.71e-04 1.65e+05 2.69e-03   0.0
    bits23to16 (mux_2to1_8bit_2)       1.63e-03 1.03e-03 1.65e+05 2.82e-03   0.0
    bits31to24 (mux_2to1_8bit_3)       1.52e-03 9.67e-04 1.65e+05 2.65e-03   0.0
    compID4 (comparator_DATA_WIDTH32_2)
                                       1.36e-02 1.50e-02 1.34e+06 2.99e-02   0.2
      r56 (comparator_DATA_WIDTH32_2_DW01_cmp6_0)
                                       1.28e-02 1.49e-02 1.32e+06 2.90e-02   0.2
    compID3 (comparator_DATA_WIDTH32_3)
                                       1.38e-02 1.52e-02 1.34e+06 3.04e-02   0.2
      r56 (comparator_DATA_WIDTH32_3_DW01_cmp6_0)
                                       1.29e-02 1.51e-02 1.32e+06 2.94e-02   0.2
    compID2 (comparator_DATA_WIDTH32_4)
                                       1.39e-02 1.53e-02 1.34e+06 3.05e-02   0.2
      r56 (comparator_DATA_WIDTH32_4_DW01_cmp6_0)
                                       1.30e-02 1.52e-02 1.32e+06 2.95e-02   0.2
    compID1 (comparator_DATA_WIDTH32_5)
                                       1.39e-02 1.53e-02 1.34e+06 3.06e-02   0.2
      r56 (comparator_DATA_WIDTH32_5_DW01_cmp6_0)
                                       1.31e-02 1.52e-02 1.32e+06 2.97e-02   0.2
  Crossover_Engine (EvE_Crossover_Engine)
                                          0.105    0.224 1.33e+07    0.342   2.5
    bits7to0 (mux_2to1_8bit_4)         1.77e-03 1.25e-03 1.65e+05 3.19e-03   0.0
    bits15to8 (mux_2to1_8bit_5)        1.78e-03 1.25e-03 1.65e+05 3.19e-03   0.0
    bits23to16 (mux_2to1_8bit_6)       1.85e-03 1.30e-03 1.65e+05 3.31e-03   0.0
    bits31to24 (mux_2to1_8bit_7)       1.71e-03 1.21e-03 1.65e+05 3.08e-03   0.0
    compRand4 (comparator_DATA_WIDTH32_6)
                                       1.36e-02 1.50e-02 1.34e+06 2.99e-02   0.2
      r56 (comparator_DATA_WIDTH32_6_DW01_cmp6_0)
                                       1.28e-02 1.49e-02 1.32e+06 2.90e-02   0.2
    compRand3 (comparator_DATA_WIDTH32_7)
                                       1.38e-02 1.52e-02 1.34e+06 3.04e-02   0.2
      r56 (comparator_DATA_WIDTH32_7_DW01_cmp6_0)
                                       1.29e-02 1.51e-02 1.32e+06 2.94e-02   0.2
    compRand2 (comparator_DATA_WIDTH32_8)
                                       1.39e-02 1.53e-02 1.34e+06 3.05e-02   0.2
      r56 (comparator_DATA_WIDTH32_8_DW01_cmp6_0)
                                       1.30e-02 1.52e-02 1.32e+06 2.95e-02   0.2
    compRand1 (comparator_DATA_WIDTH32_9)
                                       1.39e-02 1.53e-02 1.34e+06 3.06e-02   0.2
      r56 (comparator_DATA_WIDTH32_9_DW01_cmp6_0)
                                       1.31e-02 1.52e-02 1.32e+06 2.97e-02   0.2
    compID2 (comparator_DATA_WIDTH8_17)
                                       7.50e-04 6.90e-04 3.78e+05 1.82e-03   0.0
    compID1 (comparator_DATA_WIDTH8_18)
                                       8.13e-04 6.92e-04 3.78e+05 1.88e-03   0.0
  PRNG (EvE_PRNG)                      6.80e-02    0.106 3.25e+06    0.177   1.3
  p2_Fifo (syn_fifo_0)                    0.166    4.098 1.76e+08    4.439  32.5
  p1_Fifo (syn_fifo_1)                    0.163    4.095 1.76e+08    4.434  32.4
1
